<?xml version="1.0" encoding="UTF-8"?>
<!-- Generated by org.testng.reporters.JUnitReportReporter -->
<testsuite hostname="Andre" failures="0" tests="1" name="automation.WebTest" time="0.003" errors="0" timestamp="2023-07-18T12:33:22 CDT" skipped="0">
  <testcase classname="automation.WebTest" name="login" time="0.003"/>
</testsuite> <!-- automation.WebTest -->
